<?xml version="1.0" encoding="UTF-8"?>
<!-- Generated by org.testng.reporters.JUnitReportReporter -->
<testsuite hostname="Pramod" failures="0" tests="1" name="RestAPIDemo.Test_PutMethod" time="2.383" errors="0" timestamp="2023-06-15T15:21:16 IST" skipped="0">
  <testcase classname="RestAPIDemo.Test_PutMethod" name="test04" time="2.383"/>
  <system-out/>
</testsuite> <!-- RestAPIDemo.Test_PutMethod -->
