<?xml version="1.0" encoding="UTF-8"?>
<!-- Generated by org.testng.reporters.JUnitReportReporter -->
<testsuite hostname="Pramod" failures="0" tests="1" name="RestAPIDemo.Test_PatchMethod" time="2.234" errors="0" timestamp="2023-06-15T15:26:25 IST" skipped="0">
  <testcase classname="RestAPIDemo.Test_PatchMethod" name="test05" time="2.234"/>
  <system-out/>
</testsuite> <!-- RestAPIDemo.Test_PatchMethod -->
