<?xml version="1.0" encoding="UTF-8"?>
<!-- Generated by org.testng.reporters.JUnitReportReporter -->
<testsuite hostname="Pramod" failures="0" tests="1" name="ValidateResponseHeader.VRH" time="1.086" errors="0" timestamp="2023-06-15T18:39:50 IST" skipped="0">
  <testcase classname="ValidateResponseHeader.VRH" name="Getsingleuser" time="1.086"/>
  <system-out/>
</testsuite> <!-- ValidateResponseHeader.VRH -->
