<?xml version="1.0" encoding="UTF-8"?>
<!-- Generated by org.testng.reporters.JUnitReportReporter -->
<testsuite hostname="Pramod" failures="0" tests="1" name="ValidateHTTPResponseStatus.Checkforvalidresponse" time="1.032" errors="0" timestamp="2023-06-15T18:20:34 IST" skipped="0">
  <testcase classname="ValidateHTTPResponseStatus.Checkforvalidresponse" name="GetSingleUser" time="1.032"/>
  <system-out/>
</testsuite> <!-- ValidateHTTPResponseStatus.Checkforvalidresponse -->
