<?xml version="1.0" encoding="UTF-8"?>
<!-- Generated by org.testng.reporters.JUnitReportReporter -->
<testsuite hostname="Pramod" failures="0" tests="1" name="ValidateJsonResponseBody.ValdJsonRespbody" time="2.003" errors="0" timestamp="2023-06-16T14:32:12 IST" skipped="0">
  <testcase classname="ValidateJsonResponseBody.ValdJsonRespbody" name="UserListResponseBody" time="2.003"/>
  <system-out/>
</testsuite> <!-- ValidateJsonResponseBody.ValdJsonRespbody -->
