<?xml version="1.0" encoding="UTF-8"?>
<!-- Generated by org.testng.reporters.JUnitReportReporter -->
<testsuite hostname="Pramod" failures="0" tests="1" name="RestAPI.FirstGetRequest" time="1.021" errors="0" timestamp="2023-06-28T09:55:12 IST" skipped="0">
  <testcase classname="RestAPI.FirstGetRequest" name="testcase01" time="1.021"/>
  <system-out/>
</testsuite> <!-- RestAPI.FirstGetRequest -->
