<?xml version="1.0" encoding="UTF-8"?>
<!-- Generated by org.testng.reporters.JUnitReportReporter -->
<testsuite hostname="Pramod" failures="0" tests="1" name="Authorization.Authorizationdemo" time="2.035" errors="0" timestamp="2023-06-16T19:35:08 IST" skipped="0">
  <testcase classname="Authorization.Authorizationdemo" name="BasicAuth" time="2.035"/>
  <system-out/>
</testsuite> <!-- Authorization.Authorizationdemo -->
