<?xml version="1.0" encoding="UTF-8"?>
<!-- Generated by org.testng.reporters.JUnitReportReporter -->
<testsuite hostname="Pramod" failures="0" tests="1" name="Authorization.BearerToken" time="2.375" errors="0" timestamp="2023-06-28T16:51:52 IST" skipped="0">
  <testcase classname="Authorization.BearerToken" name="BearerToken" time="2.375"/>
  <system-out/>
</testsuite> <!-- Authorization.BearerToken -->
