<?xml version="1.0" encoding="UTF-8"?>
<!-- Generated by org.testng.reporters.JUnitReportReporter -->
<testsuite hostname="Pramod" failures="0" tests="1" name="QueryParameter.QueryParameterDemo" time="1.430" errors="0" timestamp="2023-06-16T17:10:58 IST" skipped="0">
  <testcase classname="QueryParameter.QueryParameterDemo" name="filterData" time="1.430"/>
  <system-out/>
</testsuite> <!-- QueryParameter.QueryParameterDemo -->
