<?xml version="1.0" encoding="UTF-8"?>
<!-- Generated by org.testng.reporters.JUnitReportReporter -->
<testsuite hostname="LAPTOP-QMDCNQ67" failures="0" tests="1" name="RestAPIDemo.Test_DeleteMethod" time="1.912" errors="0" timestamp="2023-05-13T17:04:18 IST" skipped="0">
  <testcase classname="RestAPIDemo.Test_DeleteMethod" name="test06" time="1.912"/>
  <system-out/>
</testsuite> <!-- RestAPIDemo.Test_DeleteMethod -->
