<?xml version="1.0" encoding="UTF-8"?>
<!-- Generated by org.testng.reporters.JUnitReportReporter -->
<testsuite hostname="Pramod" failures="0" tests="1" name="RestAPIDemo.Test_PostMethod" time="1.929" errors="0" timestamp="2023-06-15T15:09:50 IST" skipped="0">
  <testcase classname="RestAPIDemo.Test_PostMethod" name="test03" time="1.929"/>
  <system-out/>
</testsuite> <!-- RestAPIDemo.Test_PostMethod -->
