<?xml version="1.0" encoding="UTF-8"?>
<!-- Generated by org.testng.reporters.JUnitReportReporter -->
<testsuite hostname="Pramod" failures="0" tests="2" name="RestAPIDemo.TestGetMethod" time="1.860" errors="0" timestamp="2023-06-15T14:55:14 IST" skipped="0">
  <testcase classname="RestAPIDemo.TestGetMethod" name="test02" time="0.302"/>
  <system-out/>
  <testcase classname="RestAPIDemo.TestGetMethod" name="test01" time="1.558"/>
  <system-out/>
</testsuite> <!-- RestAPIDemo.TestGetMethod -->
